This is pdfTeX, Version 3.141592653-2.6-1.40.23 (TeX Live 2021/W32TeX) (preloaded format=pdflatex 2022.3.17)  1 SEP 2023 10:00
entering extended mode
 restricted \write18 enabled.
 %&-line parsing enabled.
**DU.tex
(./DU.tex
LaTeX2e <2021-11-15> patch level 1
L3 programming layer <2022-02-24>
(c:/texlive/2021/texmf-dist/tex/latex/base/report.cls
Document Class: report 2021/10/04 v1.4n Standard LaTeX document class
(c:/texlive/2021/texmf-dist/tex/latex/base/size12.clo
File: size12.clo 2021/10/04 v1.4n Standard LaTeX file (size option)
)
\c@part=\count185
\c@chapter=\count186
\c@section=\count187
\c@subsection=\count188
\c@subsubsection=\count189
\c@paragraph=\count190
\c@subparagraph=\count191
\c@figure=\count192
\c@table=\count193
\abovecaptionskip=\skip47
\belowcaptionskip=\skip48
\bibindent=\dimen138
)
(c:/texlive/2021/texmf-dist/tex/latex/cmap/cmap.sty
Package: cmap 2021/02/06 v1.0j CMap support: searchable PDF
)
(c:/texlive/2021/texmf-dist/tex/latex/amsfonts/amssymb.sty
Package: amssymb 2013/01/14 v3.01 AMS font symbols

(c:/texlive/2021/texmf-dist/tex/latex/amsfonts/amsfonts.sty
Package: amsfonts 2013/01/14 v3.01 Basic AMSFonts support
\@emptytoks=\toks16
\symAMSa=\mathgroup4
\symAMSb=\mathgroup5
LaTeX Font Info:    Redeclaring math symbol \hbar on input line 98.
LaTeX Font Info:    Overwriting math alphabet `\mathfrak' in version `bold'
(Font)                  U/euf/m/n --> U/euf/b/n on input line 106.
))
(c:/texlive/2021/texmf-dist/tex/latex/amsmath/amsmath.sty
Package: amsmath 2021/10/15 v2.17l AMS math features
\@mathmargin=\skip49

For additional information on amsmath, use the `?' option.
(c:/texlive/2021/texmf-dist/tex/latex/amsmath/amstext.sty
Package: amstext 2021/08/26 v2.01 AMS text

(c:/texlive/2021/texmf-dist/tex/latex/amsmath/amsgen.sty
File: amsgen.sty 1999/11/30 v2.0 generic functions
\@emptytoks=\toks17
\ex@=\dimen139
))
(c:/texlive/2021/texmf-dist/tex/latex/amsmath/amsbsy.sty
Package: amsbsy 1999/11/29 v1.2d Bold Symbols
\pmbraise@=\dimen140
)
(c:/texlive/2021/texmf-dist/tex/latex/amsmath/amsopn.sty
Package: amsopn 2021/08/26 v2.02 operator names
)
\inf@bad=\count194
LaTeX Info: Redefining \frac on input line 234.
\uproot@=\count195
\leftroot@=\count196
LaTeX Info: Redefining \overline on input line 399.
\classnum@=\count197
\DOTSCASE@=\count198
LaTeX Info: Redefining \ldots on input line 496.
LaTeX Info: Redefining \dots on input line 499.
LaTeX Info: Redefining \cdots on input line 620.
\Mathstrutbox@=\box50
\strutbox@=\box51
\big@size=\dimen141
LaTeX Font Info:    Redeclaring font encoding OML on input line 743.
LaTeX Font Info:    Redeclaring font encoding OMS on input line 744.
\macc@depth=\count199
\c@MaxMatrixCols=\count266
\dotsspace@=\muskip16
\c@parentequation=\count267
\dspbrk@lvl=\count268
\tag@help=\toks18
\row@=\count269
\column@=\count270
\maxfields@=\count271
\andhelp@=\toks19
\eqnshift@=\dimen142
\alignsep@=\dimen143
\tagshift@=\dimen144
\tagwidth@=\dimen145
\totwidth@=\dimen146
\lineht@=\dimen147
\@envbody=\toks20
\multlinegap=\skip50
\multlinetaggap=\skip51
\mathdisplay@stack=\toks21
LaTeX Info: Redefining \[ on input line 2938.
LaTeX Info: Redefining \] on input line 2939.
)
(c:/texlive/2021/texmf-dist/tex/latex/graphics/graphicx.sty
Package: graphicx 2021/09/16 v1.2d Enhanced LaTeX Graphics (DPC,SPQR)

(c:/texlive/2021/texmf-dist/tex/latex/graphics/keyval.sty
Package: keyval 2014/10/28 v1.15 key=value parser (DPC)
\KV@toks@=\toks22
)
(c:/texlive/2021/texmf-dist/tex/latex/graphics/graphics.sty
Package: graphics 2021/03/04 v1.4d Standard LaTeX Graphics (DPC,SPQR)

(c:/texlive/2021/texmf-dist/tex/latex/graphics/trig.sty
Package: trig 2021/08/11 v1.11 sin cos tan (DPC)
)
(c:/texlive/2021/texmf-dist/tex/latex/graphics-cfg/graphics.cfg
File: graphics.cfg 2016/06/04 v1.11 sample graphics configuration
)
Package graphics Info: Driver file: pdftex.def on input line 107.

(c:/texlive/2021/texmf-dist/tex/latex/graphics-def/pdftex.def
File: pdftex.def 2020/10/05 v1.2a Graphics/color driver for pdftex
))
\Gin@req@height=\dimen148
\Gin@req@width=\dimen149
)
(c:/texlive/2021/texmf-dist/tex/latex/amscls/amsthm.sty
Package: amsthm 2020/05/29 v2.20.6
\thm@style=\toks23
\thm@bodyfont=\toks24
\thm@headfont=\toks25
\thm@notefont=\toks26
\thm@headpunct=\toks27
\thm@preskip=\skip52
\thm@postskip=\skip53
\thm@headsep=\skip54
\dth@everypar=\toks28
)
(c:/texlive/2021/texmf-dist/tex/latex/was/upgreek.sty
Package: upgreek 2003/02/12 v2.0 (WaS)
Package upgreek Info: Using Euler Roman for upright Greek on input line 31.
\symugrf@m=\mathgroup6
LaTeX Font Info:    Overwriting symbol font `ugrf@m' in version `bold'
(Font)                  U/eur/m/n --> U/eur/b/n on input line 38.
)
(c:/texlive/2021/texmf-dist/tex/latex/setspace/setspace.sty
Package: setspace 2011/12/19 v6.7a set line spacing
)
(c:/texlive/2021/texmf-dist/tex/latex/base/fontenc.sty
Package: fontenc 2021/04/29 v2.0v Standard LaTeX package

(c:/texlive/2021/texmf-dist/tex/latex/cyrillic/t2aenc.def
File: t2aenc.def 2005/09/27 v1.0i Cyrillic encoding definition file
Now handling font encoding T2A ...
... processing UTF-8 mapping file for font encoding T2A

(c:/texlive/2021/texmf-dist/tex/latex/base/t2aenc.dfu
File: t2aenc.dfu 2021/06/21 v1.2n UTF-8 support
   defining Unicode char U+00A4 (decimal 164)
   defining Unicode char U+00A7 (decimal 167)
   defining Unicode char U+00AB (decimal 171)
   defining Unicode char U+00BB (decimal 187)
   defining Unicode char U+0131 (decimal 305)
   defining Unicode char U+0237 (decimal 567)
   defining Unicode char U+0400 (decimal 1024)
   defining Unicode char U+0401 (decimal 1025)
   defining Unicode char U+0402 (decimal 1026)
   defining Unicode char U+0403 (decimal 1027)
   defining Unicode char U+0404 (decimal 1028)
   defining Unicode char U+0405 (decimal 1029)
   defining Unicode char U+0406 (decimal 1030)
   defining Unicode char U+0407 (decimal 1031)
   defining Unicode char U+0408 (decimal 1032)
   defining Unicode char U+0409 (decimal 1033)
   defining Unicode char U+040A (decimal 1034)
   defining Unicode char U+040B (decimal 1035)
   defining Unicode char U+040C (decimal 1036)
   defining Unicode char U+040D (decimal 1037)
   defining Unicode char U+040E (decimal 1038)
   defining Unicode char U+040F (decimal 1039)
   defining Unicode char U+0410 (decimal 1040)
   defining Unicode char U+0411 (decimal 1041)
   defining Unicode char U+0412 (decimal 1042)
   defining Unicode char U+0413 (decimal 1043)
   defining Unicode char U+0414 (decimal 1044)
   defining Unicode char U+0415 (decimal 1045)
   defining Unicode char U+0416 (decimal 1046)
   defining Unicode char U+0417 (decimal 1047)
   defining Unicode char U+0418 (decimal 1048)
   defining Unicode char U+0419 (decimal 1049)
   defining Unicode char U+041A (decimal 1050)
   defining Unicode char U+041B (decimal 1051)
   defining Unicode char U+041C (decimal 1052)
   defining Unicode char U+041D (decimal 1053)
   defining Unicode char U+041E (decimal 1054)
   defining Unicode char U+041F (decimal 1055)
   defining Unicode char U+0420 (decimal 1056)
   defining Unicode char U+0421 (decimal 1057)
   defining Unicode char U+0422 (decimal 1058)
   defining Unicode char U+0423 (decimal 1059)
   defining Unicode char U+0424 (decimal 1060)
   defining Unicode char U+0425 (decimal 1061)
   defining Unicode char U+0426 (decimal 1062)
   defining Unicode char U+0427 (decimal 1063)
   defining Unicode char U+0428 (decimal 1064)
   defining Unicode char U+0429 (decimal 1065)
   defining Unicode char U+042A (decimal 1066)
   defining Unicode char U+042B (decimal 1067)
   defining Unicode char U+042C (decimal 1068)
   defining Unicode char U+042D (decimal 1069)
   defining Unicode char U+042E (decimal 1070)
   defining Unicode char U+042F (decimal 1071)
   defining Unicode char U+0430 (decimal 1072)
   defining Unicode char U+0431 (decimal 1073)
   defining Unicode char U+0432 (decimal 1074)
   defining Unicode char U+0433 (decimal 1075)
   defining Unicode char U+0434 (decimal 1076)
   defining Unicode char U+0435 (decimal 1077)
   defining Unicode char U+0436 (decimal 1078)
   defining Unicode char U+0437 (decimal 1079)
   defining Unicode char U+0438 (decimal 1080)
   defining Unicode char U+0439 (decimal 1081)
   defining Unicode char U+043A (decimal 1082)
   defining Unicode char U+043B (decimal 1083)
   defining Unicode char U+043C (decimal 1084)
   defining Unicode char U+043D (decimal 1085)
   defining Unicode char U+043E (decimal 1086)
   defining Unicode char U+043F (decimal 1087)
   defining Unicode char U+0440 (decimal 1088)
   defining Unicode char U+0441 (decimal 1089)
   defining Unicode char U+0442 (decimal 1090)
   defining Unicode char U+0443 (decimal 1091)
   defining Unicode char U+0444 (decimal 1092)
   defining Unicode char U+0445 (decimal 1093)
   defining Unicode char U+0446 (decimal 1094)
   defining Unicode char U+0447 (decimal 1095)
   defining Unicode char U+0448 (decimal 1096)
   defining Unicode char U+0449 (decimal 1097)
   defining Unicode char U+044A (decimal 1098)
   defining Unicode char U+044B (decimal 1099)
   defining Unicode char U+044C (decimal 1100)
   defining Unicode char U+044D (decimal 1101)
   defining Unicode char U+044E (decimal 1102)
   defining Unicode char U+044F (decimal 1103)
   defining Unicode char U+0450 (decimal 1104)
   defining Unicode char U+0451 (decimal 1105)
   defining Unicode char U+0452 (decimal 1106)
   defining Unicode char U+0453 (decimal 1107)
   defining Unicode char U+0454 (decimal 1108)
   defining Unicode char U+0455 (decimal 1109)
   defining Unicode char U+0456 (decimal 1110)
   defining Unicode char U+0457 (decimal 1111)
   defining Unicode char U+0458 (decimal 1112)
   defining Unicode char U+0459 (decimal 1113)
   defining Unicode char U+045A (decimal 1114)
   defining Unicode char U+045B (decimal 1115)
   defining Unicode char U+045C (decimal 1116)
   defining Unicode char U+045D (decimal 1117)
   defining Unicode char U+045E (decimal 1118)
   defining Unicode char U+045F (decimal 1119)
   defining Unicode char U+0490 (decimal 1168)
   defining Unicode char U+0491 (decimal 1169)
   defining Unicode char U+0492 (decimal 1170)
   defining Unicode char U+0493 (decimal 1171)
   defining Unicode char U+0496 (decimal 1174)
   defining Unicode char U+0497 (decimal 1175)
   defining Unicode char U+0498 (decimal 1176)
   defining Unicode char U+0499 (decimal 1177)
   defining Unicode char U+049A (decimal 1178)
   defining Unicode char U+049B (decimal 1179)
   defining Unicode char U+049C (decimal 1180)
   defining Unicode char U+049D (decimal 1181)
   defining Unicode char U+04A0 (decimal 1184)
   defining Unicode char U+04A1 (decimal 1185)
   defining Unicode char U+04A2 (decimal 1186)
   defining Unicode char U+04A3 (decimal 1187)
   defining Unicode char U+04A4 (decimal 1188)
   defining Unicode char U+04A5 (decimal 1189)
   defining Unicode char U+04AA (decimal 1194)
   defining Unicode char U+04AB (decimal 1195)
   defining Unicode char U+04AE (decimal 1198)
   defining Unicode char U+04AF (decimal 1199)
   defining Unicode char U+04B0 (decimal 1200)
   defining Unicode char U+04B1 (decimal 1201)
   defining Unicode char U+04B2 (decimal 1202)
   defining Unicode char U+04B3 (decimal 1203)
   defining Unicode char U+04B6 (decimal 1206)
   defining Unicode char U+04B7 (decimal 1207)
   defining Unicode char U+04B8 (decimal 1208)
   defining Unicode char U+04B9 (decimal 1209)
   defining Unicode char U+04BA (decimal 1210)
   defining Unicode char U+04BB (decimal 1211)
   defining Unicode char U+04C0 (decimal 1216)
   defining Unicode char U+04C1 (decimal 1217)
   defining Unicode char U+04C2 (decimal 1218)
   defining Unicode char U+04D0 (decimal 1232)
   defining Unicode char U+04D1 (decimal 1233)
   defining Unicode char U+04D2 (decimal 1234)
   defining Unicode char U+04D3 (decimal 1235)
   defining Unicode char U+04D4 (decimal 1236)
   defining Unicode char U+04D5 (decimal 1237)
   defining Unicode char U+04D6 (decimal 1238)
   defining Unicode char U+04D7 (decimal 1239)
   defining Unicode char U+04D8 (decimal 1240)
   defining Unicode char U+04D9 (decimal 1241)
   defining Unicode char U+04DA (decimal 1242)
   defining Unicode char U+04DB (decimal 1243)
   defining Unicode char U+04DC (decimal 1244)
   defining Unicode char U+04DD (decimal 1245)
   defining Unicode char U+04DE (decimal 1246)
   defining Unicode char U+04DF (decimal 1247)
   defining Unicode char U+04E2 (decimal 1250)
   defining Unicode char U+04E3 (decimal 1251)
   defining Unicode char U+04E4 (decimal 1252)
   defining Unicode char U+04E5 (decimal 1253)
   defining Unicode char U+04E6 (decimal 1254)
   defining Unicode char U+04E7 (decimal 1255)
   defining Unicode char U+04E8 (decimal 1256)
   defining Unicode char U+04E9 (decimal 1257)
   defining Unicode char U+04EC (decimal 1260)
   defining Unicode char U+04ED (decimal 1261)
   defining Unicode char U+04EE (decimal 1262)
   defining Unicode char U+04EF (decimal 1263)
   defining Unicode char U+04F0 (decimal 1264)
   defining Unicode char U+04F1 (decimal 1265)
   defining Unicode char U+04F2 (decimal 1266)
   defining Unicode char U+04F3 (decimal 1267)
   defining Unicode char U+04F4 (decimal 1268)
   defining Unicode char U+04F5 (decimal 1269)
   defining Unicode char U+04F8 (decimal 1272)
   defining Unicode char U+04F9 (decimal 1273)
   defining Unicode char U+200C (decimal 8204)
   defining Unicode char U+2013 (decimal 8211)
   defining Unicode char U+2014 (decimal 8212)
   defining Unicode char U+2018 (decimal 8216)
   defining Unicode char U+2019 (decimal 8217)
   defining Unicode char U+201C (decimal 8220)
   defining Unicode char U+201D (decimal 8221)
   defining Unicode char U+201E (decimal 8222)
   defining Unicode char U+2030 (decimal 8240)
   defining Unicode char U+2031 (decimal 8241)
   defining Unicode char U+2116 (decimal 8470)
   defining Unicode char U+2329 (decimal 9001)
   defining Unicode char U+232A (decimal 9002)
   defining Unicode char U+2423 (decimal 9251)
   defining Unicode char U+27E8 (decimal 10216)
   defining Unicode char U+27E9 (decimal 10217)
   defining Unicode char U+FB00 (decimal 64256)
   defining Unicode char U+FB01 (decimal 64257)
   defining Unicode char U+FB02 (decimal 64258)
   defining Unicode char U+FB03 (decimal 64259)
   defining Unicode char U+FB04 (decimal 64260)
   defining Unicode char U+FB05 (decimal 64261)
   defining Unicode char U+FB06 (decimal 64262)
))
LaTeX Font Info:    Trying to load font information for T2A+cmr on input line 1
12.

(c:/texlive/2021/texmf-dist/tex/latex/cyrillic/t2acmr.fd
File: t2acmr.fd 2001/08/11 v1.0a Computer Modern Cyrillic font definitions
)<<t2a.cmap>>)
(c:/texlive/2021/texmf-dist/tex/latex/base/inputenc.sty
Package: inputenc 2021/02/14 v1.3d Input encoding file
\inpenc@prehook=\toks29
\inpenc@posthook=\toks30
)
(c:/texlive/2021/texmf-dist/tex/generic/ulem/ulem.sty
\UL@box=\box52
\UL@hyphenbox=\box53
\UL@skip=\skip55
\UL@hook=\toks31
\UL@height=\dimen150
\UL@pe=\count272
\UL@pixel=\dimen151
\ULC@box=\box54
Package: ulem 2019/11/18
\ULdepth=\dimen152
)
(c:/texlive/2021/texmf-dist/tex/latex/t2/mathtext.sty
Package: mathtext 2018/04/14 v1.0 transparent text-and-math defs
LaTeX Info: Redefining \halign on input line 121.
)
(c:/texlive/2021/texmf-dist/tex/latex/geometry/geometry.sty
Package: geometry 2020/01/02 v5.9 Page Geometry

(c:/texlive/2021/texmf-dist/tex/generic/iftex/ifvtex.sty
Package: ifvtex 2019/10/25 v1.7 ifvtex legacy package. Use iftex instead.

(c:/texlive/2021/texmf-dist/tex/generic/iftex/iftex.sty
Package: iftex 2022/02/03 v1.0f TeX engine tests
))
\Gm@cnth=\count273
\Gm@cntv=\count274
\c@Gm@tempcnt=\count275
\Gm@bindingoffset=\dimen153
\Gm@wd@mp=\dimen154
\Gm@odd@mp=\dimen155
\Gm@even@mp=\dimen156
\Gm@layoutwidth=\dimen157
\Gm@layoutheight=\dimen158
\Gm@layouthoffset=\dimen159
\Gm@layoutvoffset=\dimen160
\Gm@dimlist=\toks32
)
(c:/texlive/2021/texmf-dist/tex/generic/babel/babel.sty
Package: babel 2022/02/26 3.73 The Babel package
\babel@savecnt=\count276
\U@D=\dimen161
\l@unhyphenated=\language87

(c:/texlive/2021/texmf-dist/tex/generic/babel/txtbabel.def)
\bbl@readstream=\read2
\bbl@dirlevel=\count277

(c:/texlive/2021/texmf-dist/tex/generic/babel-english/english.ldf
Language: english 2017/06/06 v3.3r English support from the babel system
Package babel Info: Hyphen rules for 'canadian' set to \l@english
(babel)             (\language0). Reported on input line 102.
Package babel Info: Hyphen rules for 'australian' set to \l@ukenglish
(babel)             (\language21). Reported on input line 105.
Package babel Info: Hyphen rules for 'newzealand' set to \l@ukenglish
(babel)             (\language21). Reported on input line 108.
)
(c:/texlive/2021/texmf-dist/tex/generic/babel-russian/russianb.ldf
File: russianb.ldf 2021/01/10 1.3m Russian support for the Babel system
Language: russian 2020/09/09 1.3k Russian support for the Babel system
Package babel Info: Making " an active character on input line 124.
Package babel Info: Default for \cyrdash is provided on input line 163.
))
(c:/texlive/2021/texmf-dist/tex/latex/hyperref/hyperref.sty
Package: hyperref 2022-02-21 v7.00n Hypertext links for LaTeX

(c:/texlive/2021/texmf-dist/tex/generic/ltxcmds/ltxcmds.sty
Package: ltxcmds 2020-05-10 v1.25 LaTeX kernel commands for general use (HO)
)
(c:/texlive/2021/texmf-dist/tex/generic/pdftexcmds/pdftexcmds.sty
Package: pdftexcmds 2020-06-27 v0.33 Utility functions of pdfTeX for LuaTeX (HO
)

(c:/texlive/2021/texmf-dist/tex/generic/infwarerr/infwarerr.sty
Package: infwarerr 2019/12/03 v1.5 Providing info/warning/error messages (HO)
)
Package pdftexcmds Info: \pdf@primitive is available.
Package pdftexcmds Info: \pdf@ifprimitive is available.
Package pdftexcmds Info: \pdfdraftmode found.
)
(c:/texlive/2021/texmf-dist/tex/generic/kvsetkeys/kvsetkeys.sty
Package: kvsetkeys 2019/12/15 v1.18 Key value parser (HO)
)
(c:/texlive/2021/texmf-dist/tex/generic/kvdefinekeys/kvdefinekeys.sty
Package: kvdefinekeys 2019-12-19 v1.6 Define keys (HO)
)
(c:/texlive/2021/texmf-dist/tex/generic/pdfescape/pdfescape.sty
Package: pdfescape 2019/12/09 v1.15 Implements pdfTeX's escape features (HO)
)
(c:/texlive/2021/texmf-dist/tex/latex/hycolor/hycolor.sty
Package: hycolor 2020-01-27 v1.10 Color options for hyperref/bookmark (HO)
)
(c:/texlive/2021/texmf-dist/tex/latex/letltxmacro/letltxmacro.sty
Package: letltxmacro 2019/12/03 v1.6 Let assignment for LaTeX macros (HO)
)
(c:/texlive/2021/texmf-dist/tex/latex/auxhook/auxhook.sty
Package: auxhook 2019-12-17 v1.6 Hooks for auxiliary files (HO)
)
(c:/texlive/2021/texmf-dist/tex/latex/kvoptions/kvoptions.sty
Package: kvoptions 2020-10-07 v3.14 Key value format for package options (HO)
)
\@linkdim=\dimen162
\Hy@linkcounter=\count278
\Hy@pagecounter=\count279

(c:/texlive/2021/texmf-dist/tex/latex/hyperref/pd1enc.def
File: pd1enc.def 2022-02-21 v7.00n Hyperref: PDFDocEncoding definition (HO)
Now handling font encoding PD1 ...
... no UTF-8 mapping file for font encoding PD1
\symPD1letters=\mathgroup7
)
(c:/texlive/2021/texmf-dist/tex/generic/intcalc/intcalc.sty
Package: intcalc 2019/12/15 v1.3 Expandable calculations with integers (HO)
)
(c:/texlive/2021/texmf-dist/tex/generic/etexcmds/etexcmds.sty
Package: etexcmds 2019/12/15 v1.7 Avoid name clashes with e-TeX commands (HO)
)
\Hy@SavedSpaceFactor=\count280

(c:/texlive/2021/texmf-dist/tex/latex/hyperref/puenc.def
File: puenc.def 2022-02-21 v7.00n Hyperref: PDF Unicode definition (HO)
Now handling font encoding PU ...
... no UTF-8 mapping file for font encoding PU
\symPUletters=\mathgroup8
)
Package hyperref Info: Option `unicode' set `true' on input line 3128.
Package hyperref Info: Option `unicode' set `true' on input line 4018.
Package hyperref Info: Hyper figures OFF on input line 4137.
Package hyperref Info: Link nesting OFF on input line 4142.
Package hyperref Info: Hyper index ON on input line 4145.
Package hyperref Info: Plain pages OFF on input line 4152.
Package hyperref Info: Backreferencing OFF on input line 4157.
Package hyperref Info: Implicit mode ON; LaTeX internals redefined.
Package hyperref Info: Bookmarks ON on input line 4390.
\c@Hy@tempcnt=\count281

(c:/texlive/2021/texmf-dist/tex/latex/url/url.sty
\Urlmuskip=\muskip17
Package: url 2013/09/16  ver 3.4  Verb mode for urls, etc.
)
LaTeX Info: Redefining \url on input line 4749.
\XeTeXLinkMargin=\dimen163

(c:/texlive/2021/texmf-dist/tex/generic/bitset/bitset.sty
Package: bitset 2019/12/09 v1.3 Handle bit-vector datatype (HO)

(c:/texlive/2021/texmf-dist/tex/generic/bigintcalc/bigintcalc.sty
Package: bigintcalc 2019/12/15 v1.5 Expandable calculations on big integers (HO
)
))
\Fld@menulength=\count282
\Field@Width=\dimen164
\Fld@charsize=\dimen165
Package hyperref Info: Hyper figures OFF on input line 6027.
Package hyperref Info: Link nesting OFF on input line 6032.
Package hyperref Info: Hyper index ON on input line 6035.
Package hyperref Info: backreferencing OFF on input line 6042.
Package hyperref Info: Link coloring OFF on input line 6047.
Package hyperref Info: Link coloring with OCG OFF on input line 6052.
Package hyperref Info: PDF/A mode OFF on input line 6057.
LaTeX Info: Redefining \ref on input line 6097.
LaTeX Info: Redefining \pageref on input line 6101.

(c:/texlive/2021/texmf-dist/tex/latex/base/atbegshi-ltx.sty
Package: atbegshi-ltx 2021/01/10 v1.0c Emulation of the original atbegshi
package with kernel methods
)
\Hy@abspage=\count283
\c@Item=\count284
\c@Hfootnote=\count285
)
Package hyperref Info: Driver (autodetected): hpdftex.

(c:/texlive/2021/texmf-dist/tex/latex/hyperref/hpdftex.def
File: hpdftex.def 2022-02-21 v7.00n Hyperref driver for pdfTeX

(c:/texlive/2021/texmf-dist/tex/latex/base/atveryend-ltx.sty
Package: atveryend-ltx 2020/08/19 v1.0a Emulation of the original atveryend pac
kage
with kernel methods
)
\Fld@listcount=\count286
\c@bookmark@seq@number=\count287

(c:/texlive/2021/texmf-dist/tex/latex/rerunfilecheck/rerunfilecheck.sty
Package: rerunfilecheck 2019/12/05 v1.9 Rerun checks for auxiliary files (HO)

(c:/texlive/2021/texmf-dist/tex/generic/uniquecounter/uniquecounter.sty
Package: uniquecounter 2019/12/15 v1.4 Provide unlimited unique counter (HO)
)
Package uniquecounter Info: New unique counter `rerunfilecheck' on input line 2
86.
)
\Hy@SectionHShift=\skip56
)
(c:/texlive/2021/texmf-dist/tex/latex/l3backend/l3backend-pdftex.def
File: l3backend-pdftex.def 2022-02-07 L3 backend support: PDF output (pdfTeX)
\l__color_backend_stack_int=\count288
\l__pdf_internal_box=\box55
) (./DU.aux)
\openout1 = `DU.aux'.

LaTeX Font Info:    Checking defaults for OML/cmm/m/it on input line 56.
LaTeX Font Info:    ... okay on input line 56.
LaTeX Font Info:    Checking defaults for OMS/cmsy/m/n on input line 56.
LaTeX Font Info:    ... okay on input line 56.
LaTeX Font Info:    Checking defaults for OT1/cmr/m/n on input line 56.
LaTeX Font Info:    ... okay on input line 56.
LaTeX Font Info:    Checking defaults for T1/cmr/m/n on input line 56.
LaTeX Font Info:    ... okay on input line 56.
LaTeX Font Info:    Checking defaults for TS1/cmr/m/n on input line 56.
LaTeX Font Info:    ... okay on input line 56.
LaTeX Font Info:    Checking defaults for OMX/cmex/m/n on input line 56.
LaTeX Font Info:    ... okay on input line 56.
LaTeX Font Info:    Checking defaults for U/cmr/m/n on input line 56.
LaTeX Font Info:    ... okay on input line 56.
LaTeX Font Info:    Checking defaults for T2A/cmr/m/n on input line 56.
LaTeX Font Info:    ... okay on input line 56.
LaTeX Font Info:    Checking defaults for PD1/pdf/m/n on input line 56.
LaTeX Font Info:    ... okay on input line 56.
LaTeX Font Info:    Checking defaults for PU/pdf/m/n on input line 56.
LaTeX Font Info:    ... okay on input line 56.
 (c:/texlive/2021/texmf-dist/tex/context/base/mkii/supp-pdf.mkii
[Loading MPS to PDF converter (version 2006.09.02).]
\scratchcounter=\count289
\scratchdimen=\dimen166
\scratchbox=\box56
\nofMPsegments=\count290
\nofMParguments=\count291
\everyMPshowfont=\toks33
\MPscratchCnt=\count292
\MPscratchDim=\dimen167
\MPnumerator=\count293
\makeMPintoPDFobject=\count294
\everyMPtoPDFconversion=\toks34
) (c:/texlive/2021/texmf-dist/tex/latex/epstopdf-pkg/epstopdf-base.sty
Package: epstopdf-base 2020-01-24 v2.11 Base part for package epstopdf
Package epstopdf-base Info: Redefining graphics rule for `.eps' on input line 4
85.

(c:/texlive/2021/texmf-dist/tex/latex/latexconfig/epstopdf-sys.cfg
File: epstopdf-sys.cfg 2010/07/13 v1.3 Configuration of (r)epstopdf for TeX Liv
e
))
*geometry* driver: auto-detecting
*geometry* detected driver: pdftex
*geometry* verbose mode - [ preamble ] result:
* driver: pdftex
* paper: a4paper
* layout: <same size as paper>
* layoutoffset:(h,v)=(0.0pt,0.0pt)
* modes: 
* h-part:(L,W,R)=(56.9055pt, 483.69687pt, 56.9055pt)
* v-part:(T,H,B)=(56.9055pt, 731.23584pt, 56.9055pt)
* \paperwidth=597.50787pt
* \paperheight=845.04684pt
* \textwidth=483.69687pt
* \textheight=731.23584pt
* \oddsidemargin=-15.36449pt
* \evensidemargin=-15.36449pt
* \topmargin=-52.36449pt
* \headheight=12.0pt
* \headsep=25.0pt
* \topskip=12.0pt
* \footskip=30.0pt
* \marginparwidth=35.0pt
* \marginparsep=10.0pt
* \columnsep=10.0pt
* \skip\footins=10.8pt plus 4.0pt minus 2.0pt
* \hoffset=0.0pt
* \voffset=0.0pt
* \mag=1000
* \@twocolumnfalse
* \@twosidefalse
* \@mparswitchfalse
* \@reversemarginfalse
* (1in=72.27pt=25.4mm, 1cm=28.453pt)

LaTeX Info: Redefining \th on input line 56.
Package hyperref Info: Link coloring OFF on input line 56.
(c:/texlive/2021/texmf-dist/tex/latex/hyperref/nameref.sty
Package: nameref 2021-04-02 v2.47 Cross-referencing by name of section

(c:/texlive/2021/texmf-dist/tex/latex/refcount/refcount.sty
Package: refcount 2019/12/15 v3.6 Data extraction from label references (HO)
)
(c:/texlive/2021/texmf-dist/tex/generic/gettitlestring/gettitlestring.sty
Package: gettitlestring 2019/12/15 v1.6 Cleanup title references (HO)
)
\c@section@level=\count295
)
LaTeX Info: Redefining \ref on input line 56.
LaTeX Info: Redefining \pageref on input line 56.
LaTeX Info: Redefining \nameref on input line 56.

(./DU.out) (./DU.out)
\@outlinefile=\write3
\openout3 = `DU.out'.

<<ot1.cmap>><<oml.cmap>><<oms.cmap>><<omx.cmap>>
LaTeX Font Info:    Trying to load font information for U+msa on input line 58.


(c:/texlive/2021/texmf-dist/tex/latex/amsfonts/umsa.fd
File: umsa.fd 2013/01/14 v3.01 AMS symbols A
)
LaTeX Font Info:    Trying to load font information for U+msb on input line 58.


(c:/texlive/2021/texmf-dist/tex/latex/amsfonts/umsb.fd
File: umsb.fd 2013/01/14 v3.01 AMS symbols B
)
LaTeX Font Info:    Trying to load font information for PD1+cmr on input line 5
8.
LaTeX Font Info:    No file PD1cmr.fd. on input line 58.


LaTeX Font Warning: Font shape `PD1/cmr/m/up' undefined
(Font)              using `PD1/pdf/m/n' instead on input line 58.

LaTeX Font Info:    Trying to load font information for PU+cmr on input line 58
.
LaTeX Font Info:    No file PUcmr.fd. on input line 58.

LaTeX Font Warning: Font shape `PU/cmr/m/up' undefined
(Font)              using `PU/pdf/m/n' instead on input line 58.


LaTeX Warning: No \author given.

[1

{c:/texlive/2021/texmf-var/fonts/map/pdftex/updmap/pdftex.map}] (./DU.toc
Overfull \hbox (17.21533pt too wide) in paragraph at lines 9--9
 [][] [][]\T2A/cmr/m/n/12 Неоднородные ста-ци-о-нар-ные ли-ней-ные урав-не-ния.
 Ме-тод Ко-ши. Ме-тод Лагран- 
 []


Overfull \hbox (11.34277pt too wide) in paragraph at lines 21--21
 [][] [][]\T2A/cmr/m/n/12 Непрерывная за-ви-си-мость ре-ше-ний ста-ци-о-нар-но-
го ли-ней-но-го век-тор-но-го урав- 
 []

pdfTeX warning (ext4): destination with the same identifier (name{page.1}) has 
been already used, duplicate ignored
<to be read again> 
                   \relax 
l.31 ...РѕР±С‹Рµ СЂРµС€РµРЅРёСЏ.}{60}{section.4.7}
                                                  % [1

])
\tf@toc=\write4
\openout4 = `DU.toc'.

 [2]
{\cyrillictext \CYRG \cyrl \cyra \cyrv \cyra } 1.

Underfull \hbox (badness 10000) in paragraph at lines 62--76

 []


Underfull \hbox (badness 10000) in paragraph at lines 62--76

 []


Underfull \hbox (badness 10000) in paragraph at lines 62--76

 []


Underfull \hbox (badness 10000) in paragraph at lines 62--76

 []


Underfull \hbox (badness 10000) in paragraph at lines 62--76

 []


Underfull \hbox (badness 10000) in paragraph at lines 62--76

 []


Underfull \hbox (badness 10000) in paragraph at lines 62--76

 []


Underfull \hbox (badness 10000) in paragraph at lines 62--76

 []


Underfull \hbox (badness 10000) in paragraph at lines 62--76

 []


Underfull \hbox (badness 10000) in paragraph at lines 62--76

 []


Underfull \hbox (badness 10000) in paragraph at lines 62--76

 []


Underfull \hbox (badness 10000) in paragraph at lines 62--76

 []


Underfull \hbox (badness 10000) in paragraph at lines 62--76

 []


Underfull \hbox (badness 10000) in paragraph at lines 62--76

 []

[3

]
Underfull \hbox (badness 10000) in paragraph at lines 78--79

 []


Underfull \hbox (badness 10000) in paragraph at lines 81--85

 []

[4]
Underfull \hbox (badness 10000) in paragraph at lines 94--95

 []

[5]
Underfull \hbox (badness 10000) in paragraph at lines 102--104

 []


Overfull \hbox (3.3007pt too wide) in paragraph at lines 102--104
\OMS/cmsy/m/n/12 ^^O$ \T2A/cmr/bx/it/12 Ком-плекс-но-знач-ной функ-ци-ей дей-ст
ви-тель-но-го пе-ре-мен-но-го \T2A/cmr/m/it/12 на-зы-ва-ет-ся функ-
 []


Underfull \hbox (badness 10000) in paragraph at lines 104--105

 []

[6] [7]
{\cyrillictext \CYRG \cyrl \cyra \cyrv \cyra } 2.

Overfull \hbox (2.7661pt too wide) in paragraph at lines 123--123
\T2A/cmr/bx/n/17.28 не-ния. Су-ще-ство-ва-ние и един-ствен-ность ре-ше-ния за-
 []


Underfull \hbox (badness 10000) in paragraph at lines 124--128

 []


Underfull \hbox (badness 10000) in paragraph at lines 124--128

 []


Underfull \hbox (badness 10000) in paragraph at lines 124--128

 []


Underfull \hbox (badness 10000) in paragraph at lines 124--128

 []


Underfull \hbox (badness 10000) in paragraph at lines 131--134

 []


Underfull \hbox (badness 10000) in paragraph at lines 131--134

 []


Underfull \hbox (badness 10000) in paragraph at lines 131--134

 []

[8

]
Underfull \hbox (badness 10000) in paragraph at lines 134--136

 []


Underfull \hbox (badness 10000) in paragraph at lines 134--136

 []

[9]
Underfull \hbox (badness 10000) in paragraph at lines 144--148

 []


Overfull \hbox (1.05211pt too wide) in paragraph at lines 148--149
\T2A/cmr/bx/n/12 Следствие. \T2A/cmr/m/it/12 Дей-стви-тель-ное ре-ше-ние за-да-
чи Ко-ши $\OML/cmm/m/it/12 L[]x \OT1/cmr/m/n/12 = \OML/cmm/m/it/12 f\OT1/cmr/m/
n/12 (\OML/cmm/m/it/12 t\OT1/cmr/m/n/12 )$\T2A/cmr/m/it/12 , $\OML/cmm/m/it/12 
D[]x\OMS/cmsy/m/n/12 j[] \OT1/cmr/m/n/12 = \U/eur/m/n/12 ^^X[]$\T2A/cmr/m/it/12
 , $\OML/cmm/m/it/12 i \OT1/cmr/m/n/12 = []$\T2A/cmr/m/it/12 ,
 []


Underfull \hbox (badness 10000) in paragraph at lines 149--151

 []


Underfull \hbox (badness 10000) in paragraph at lines 158--166

 []


Underfull \hbox (badness 10000) in paragraph at lines 158--166

 []


Underfull \hbox (badness 10000) in paragraph at lines 158--166

 []

[10] [11]
Underfull \hbox (badness 10000) in paragraph at lines 207--209

 []


Underfull \hbox (badness 10000) in paragraph at lines 209--215

 []


Underfull \hbox (badness 10000) in paragraph at lines 209--215

 []


Underfull \hbox (badness 10000) in paragraph at lines 209--215

 []


Underfull \hbox (badness 10000) in paragraph at lines 209--215

 []

[12]
Underfull \hbox (badness 10000) in paragraph at lines 220--222

 []


Underfull \hbox (badness 10000) in paragraph at lines 229--234

 []


Underfull \hbox (badness 10000) in paragraph at lines 229--234

 []


Underfull \hbox (badness 10000) in paragraph at lines 229--234

 []


Underfull \hbox (badness 10000) in paragraph at lines 229--234

 []

[13]
Underfull \hbox (badness 10000) in paragraph at lines 234--235

 []

[14]
Underfull \hbox (badness 10000) in paragraph at lines 245--249

 []


Underfull \hbox (badness 10000) in paragraph at lines 245--249

 []


Underfull \hbox (badness 10000) in paragraph at lines 258--260

 []

[15]
Overfull \hbox (17.52568pt too wide) detected at line 288
 []$[] \OT1/cmr/m/n/12 = \OML/cmm/m/it/12 f\OT1/cmr/m/n/12 (\OML/cmm/m/it/12 t\
OT1/cmr/m/n/12 ) + [] []\OML/cmm/m/it/12 D[]\U/eur/m/n/12 '[]\OT1/cmr/m/n/12 (\
OML/cmm/m/it/12 t \OMS/cmsy/m/n/12 ^^@ \U/eur/m/n/12 ^^\\OT1/cmr/m/n/12 ) + \OM
L/cmm/m/it/12 a[]D[]\U/eur/m/n/12 '[]\OT1/cmr/m/n/12 (\OML/cmm/m/it/12 t \OMS/c
msy/m/n/12 ^^@ \U/eur/m/n/12 ^^\\OT1/cmr/m/n/12 ) + [] + \OML/cmm/m/it/12 a[]D\
U/eur/m/n/12 '[]\OT1/cmr/m/n/12 (\OML/cmm/m/it/12 t \OMS/cmsy/m/n/12 ^^@ \U/eur
/m/n/12 ^^\\OT1/cmr/m/n/12 ) + \OML/cmm/m/it/12 a[]D[]\U/eur/m/n/12 '[]\OT1/cmr
/m/n/12 (\OML/cmm/m/it/12 t \OMS/cmsy/m/n/12 ^^@ \U/eur/m/n/12 ^^\\OT1/cmr/m/n/
12 )[]\OML/cmm/m/it/12 f\OT1/cmr/m/n/12 (\U/eur/m/n/12 ^^\\OT1/cmr/m/n/12 )\OML
/cmm/m/it/12 d\U/eur/m/n/12 ^^\ \OT1/cmr/m/n/12 =$ 
 []

[16]
Underfull \hbox (badness 10000) in paragraph at lines 304--306

 []

[17]
Underfull \hbox (badness 10000) in paragraph at lines 327--329

 []

[18] [19]
Underfull \hbox (badness 10000) in paragraph at lines 353--354

 []


Underfull \hbox (badness 10000) in paragraph at lines 354--355

 []

[20]
Underfull \hbox (badness 10000) in paragraph at lines 364--367

 []


Underfull \hbox (badness 10000) in paragraph at lines 371--375

 []

[21]
Underfull \hbox (badness 10000) in paragraph at lines 379--381

 []


Overfull \hbox (45.68686pt too wide) detected at line 381
\OMS/cmsy/m/n/12 8\U/eur/m/n/12 " \OML/cmm/m/it/12 > \OT1/cmr/m/n/12 0 \OMS/cms
y/m/n/12 9\U/eur/m/n/12 ^^N \OT1/cmr/m/n/12 : \OMS/cmsy/m/n/12 8\OML/cmm/m/it/1
2 x\OT1/cmr/m/n/12 (\OML/cmm/m/it/12 t\OT1/cmr/m/n/12 ) ^^A\OML/cmm/m/it/12 x\O
T1/cmr/m/n/12 (\OML/cmm/m/it/12 t[]\OT1/cmr/m/n/12 ) = [] []\OML/cmm/m/it/12 D[
]x\OT1/cmr/m/n/12 (\OML/cmm/m/it/12 t[]\OT1/cmr/m/n/12 ) \OMS/cmsy/m/n/12 ^^@ \
OML/cmm/m/it/12 D[]x[]\OT1/cmr/m/n/12 (\OML/cmm/m/it/12 t[]\OT1/cmr/m/n/12 )[] 
\OML/cmm/m/it/12 < \U/eur/m/n/12 ^^N \OMS/cmsy/m/n/12 ) \OT1/cmr/m/n/12 ^^A\OML
/cmm/m/it/12 x\OT1/cmr/m/n/12 (\OML/cmm/m/it/12 t\OT1/cmr/m/n/12 ) = [] []\OML/
cmm/m/it/12 D[]x\OT1/cmr/m/n/12 (\OML/cmm/m/it/12 t\OT1/cmr/m/n/12 ) \OMS/cmsy/
m/n/12 ^^@ \OML/cmm/m/it/12 D[]x[]\OT1/cmr/m/n/12 (\OML/cmm/m/it/12 t\OT1/cmr/m
/n/12 )[] \OML/cmm/m/it/12 < \U/eur/m/n/12 "\OML/cmm/m/it/12 ;  \OMS/cmsy/m/n/1
2 8\OML/cmm/m/it/12 t > t[]:
 []


Underfull \hbox (badness 10000) in paragraph at lines 381--385

 []


Underfull \hbox (badness 10000) in paragraph at lines 381--385

 []


Underfull \hbox (badness 10000) in paragraph at lines 381--385

 []


Underfull \hbox (badness 10000) in paragraph at lines 393--395

 []

[22]
Underfull \hbox (badness 10000) in paragraph at lines 397--400

 []

[23]
Underfull \hbox (badness 10000) in paragraph at lines 412--417

 []


Underfull \hbox (badness 10000) in paragraph at lines 417--419

 []


Underfull \hbox (badness 10000) in paragraph at lines 434--441

 []


Underfull \hbox (badness 10000) in paragraph at lines 434--441

 []


Underfull \hbox (badness 10000) in paragraph at lines 434--441

 []


Underfull \hbox (badness 10000) in paragraph at lines 434--441

 []


Underfull \hbox (badness 10000) in paragraph at lines 434--441

 []

[24]
Underfull \hbox (badness 10000) in paragraph at lines 443--446

 []

<images/seatle.png, id=400, 324.21124pt x 290.08376pt>
File: images/seatle.png Graphic file (type png)
<use images/seatle.png>
Package pdftex.def Info: images/seatle.png  used on input line 458.
(pdftex.def)             Requested size: 162.10522pt x 145.04152pt.
[25]
Underfull \hbox (badness 10000) in paragraph at lines 458--461

 []

<images/in_knot.png, id=409, 303.1325pt x 256.45813pt>
File: images/in_knot.png Graphic file (type png)
<use images/in_knot.png>
Package pdftex.def Info: images/in_knot.png  used on input line 467.
(pdftex.def)             Requested size: 151.56587pt x 128.22874pt.
<images/out_knot.png, id=410, 312.66812pt x 279.0425pt>
File: images/out_knot.png Graphic file (type png)
<use images/out_knot.png>
Package pdftex.def Info: images/out_knot.png  used on input line 469.
(pdftex.def)             Requested size: 156.33368pt x 139.5209pt.
[26 <./images/seatle.png> <./images/in_knot.png>]
Underfull \hbox (badness 10000) in paragraph at lines 472--474

 []

<images/in_monocrit.png, id=422, 334.75063pt x 304.13625pt>
File: images/in_monocrit.png Graphic file (type png)
<use images/in_monocrit.png>
Package pdftex.def Info: images/in_monocrit.png  used on input line 485.
(pdftex.def)             Requested size: 167.3749pt x 152.06775pt.
<images/out_monocrit.png, id=423, 318.69063pt x 297.61188pt>
File: images/out_monocrit.png Graphic file (type png)
<use images/out_monocrit.png>
Package pdftex.def Info: images/out_monocrit.png  used on input line 487.
(pdftex.def)             Requested size: 159.34491pt x 148.80557pt.
[27 <./images/out_knot.png> <./images/in_monocrit.png>]
Underfull \hbox (badness 10000) in paragraph at lines 490--491

 []

<images/in_focus.png, id=434, 326.72063pt x 263.48438pt>
File: images/in_focus.png Graphic file (type png)
<use images/in_focus.png>
Package pdftex.def Info: images/in_focus.png  used on input line 499.
(pdftex.def)             Requested size: 163.35991pt x 131.74185pt.
<images/out_focus.png, id=435, 330.23375pt x 255.45438pt>
File: images/out_focus.png Graphic file (type png)
<use images/out_focus.png>
Package pdftex.def Info: images/out_focus.png  used on input line 501.
(pdftex.def)             Requested size: 165.11646pt x 127.72687pt.

Underfull \hbox (badness 10000) in paragraph at lines 503--504

 []

[28 <./images/out_monocrit.png> <./images/in_focus.png> <./images/out_focus.png
>]
<images/center.png, id=446, 308.15125pt x 394.97563pt>
File: images/center.png Graphic file (type png)
<use images/center.png>
Package pdftex.def Info: images/center.png  used on input line 513.
(pdftex.def)             Requested size: 154.07524pt x 197.48732pt.
<images/dots_line.png, id=447, 347.2975pt x 225.34187pt>
File: images/dots_line.png Graphic file (type png)
<use images/dots_line.png>
Package pdftex.def Info: images/dots_line.png  used on input line 522.
(pdftex.def)             Requested size: 173.64832pt x 112.67065pt.

Underfull \hbox (badness 10000) in paragraph at lines 522--525

 []

[29 <./images/center.png> <./images/dots_line.png>]
<images/dots_line_in_arrows.png, id=455, 346.29375pt x 225.34187pt>
File: images/dots_line_in_arrows.png Graphic file (type png)
<use images/dots_line_in_arrows.png>
Package pdftex.def Info: images/dots_line_in_arrows.png  used on input line 533
.
(pdftex.def)             Requested size: 173.14644pt x 112.67065pt.
<images/dots_line_out_arrows.png, id=456, 344.78813pt x 225.34187pt>
File: images/dots_line_out_arrows.png Graphic file (type png)
<use images/dots_line_out_arrows.png>
Package pdftex.def Info: images/dots_line_out_arrows.png  used on input line 53
5.
(pdftex.def)             Requested size: 172.39363pt x 112.67065pt.
<images/dots_line_lines.png, id=457, 347.2975pt x 225.34187pt>
File: images/dots_line_lines.png Graphic file (type png)
<use images/dots_line_lines.png>
Package pdftex.def Info: images/dots_line_lines.png  used on input line 542.
(pdftex.def)             Requested size: 173.64832pt x 112.67065pt.
 [30 <./images/dots_line_in_arrows.png> <./images/dots_line_out_arrows.png> <./
images/dots_line_lines.png>]
{\cyrillictext \CYRG \cyrl \cyra \cyrv \cyra } 3.

Underfull \hbox (badness 10000) in paragraph at lines 547--548

 []


Underfull \hbox (badness 10000) in paragraph at lines 548--552

 []


Underfull \hbox (badness 10000) in paragraph at lines 548--552

 []


Underfull \hbox (badness 10000) in paragraph at lines 556--560

 []


Underfull \hbox (badness 10000) in paragraph at lines 556--560

 []


Underfull \hbox (badness 10000) in paragraph at lines 560--567

 []

[31

]
Underfull \hbox (badness 10000) in paragraph at lines 567--573

 []


Underfull \hbox (badness 10000) in paragraph at lines 567--573

 []


Underfull \hbox (badness 10000) in paragraph at lines 588--592

 []


Underfull \hbox (badness 10000) in paragraph at lines 602--605

 []

[32]
Underfull \hbox (badness 10000) in paragraph at lines 605--607

 []


Overfull \hbox (3.04239pt too wide) in paragraph at lines 613--613
[]\T2A/cmr/bx/n/17.28 Структура мно-же-ства ре-ше-ний ли-ней-ной ста-ци-о-нар-
 []


Underfull \hbox (badness 10000) in paragraph at lines 618--628

 []

[33]
Overfull \hbox (1.27394pt too wide) in paragraph at lines 646--647
\T2A/cmr/bx/n/12 Следствие. \T2A/cmr/m/it/12 Ес-ли си-сте-ма ре-ше-ний урав-не-
ния $\OT1/cmr/m/n/12 (3\OML/cmm/m/it/12 :\OT1/cmr/m/n/12 2\OML/cmm/m/it/12 :\OT
1/cmr/m/n/12 1)$ \T2A/cmr/m/it/12 ли-ней-но неза-ви-си-мая, то их $\OML/cmm/m/i
t/12 W\OT1/cmr/m/n/12 (\OML/cmm/m/it/12 t\OT1/cmr/m/n/12 ) \OMS/cmsy/m/n/12 6\O
T1/cmr/m/n/12 =
 []


Underfull \hbox (badness 10000) in paragraph at lines 647--651

 []


Underfull \hbox (badness 10000) in paragraph at lines 647--651

 []

[34]
Underfull \hbox (badness 10000) in paragraph at lines 662--667

 []


Underfull \hbox (badness 10000) in paragraph at lines 662--667

 []


Underfull \hbox (badness 10000) in paragraph at lines 662--667

 []


Underfull \hbox (badness 10000) in paragraph at lines 662--667

 []

[35]
Overfull \hbox (6.5919pt too wide) in paragraph at lines 672--676
\T2A/cmr/m/n/12 Столбец $\OML/cmm/m/it/12 B[]$ \T2A/cmr/m/n/12 яв-ля-ет-ся нену
-ле-вым ре-ше-ни-ем по-лу-чен-но-го мат-рич-но-го урав-не-ния, ес-ли $[]\OT1/cm
r/m/n/12 (\OML/cmm/m/it/12 A \OMS/cmsy/m/n/12 ^^@
 []


Underfull \hbox (badness 10000) in paragraph at lines 672--676

 []


Underfull \hbox (badness 10000) in paragraph at lines 672--676

 []


Underfull \hbox (badness 10000) in paragraph at lines 672--676

 []


Underfull \hbox (badness 10000) in paragraph at lines 681--691

 []


Overfull \hbox (13.98842pt too wide) in paragraph at lines 681--691
\T2A/cmr/m/n/12 Так как для жор-да-но-вой це-поч-ки $\OML/cmm/m/it/12 B[]; [] ;
 B[]$ \T2A/cmr/m/n/12 дли-ны $\OT1/cmr/m/n/12 (\OML/cmm/m/it/12 k \OT1/cmr/m/n/
12 + 1)$ \T2A/cmr/m/n/12 лю-бая ее под-си-сте-ма $\OML/cmm/m/it/12 B[]; B[]; []
 ; B[]$\T2A/cmr/m/n/12 ,
 []


Underfull \hbox (badness 10000) in paragraph at lines 681--691

 []


Underfull \hbox (badness 10000) in paragraph at lines 681--691

 []


Underfull \hbox (badness 10000) in paragraph at lines 681--691

 []

[36]
Underfull \hbox (badness 10000) in paragraph at lines 692--693

 []


Underfull \hbox (badness 10000) in paragraph at lines 693--696

 []


Underfull \hbox (badness 10000) in paragraph at lines 693--696

 []


Underfull \hbox (badness 10000) in paragraph at lines 698--702

 []


Underfull \hbox (badness 10000) in paragraph at lines 698--702

 []


Underfull \hbox (badness 10000) in paragraph at lines 698--702

 []

[37]
Underfull \hbox (badness 10000) in paragraph at lines 718--720

 []


Underfull \hbox (badness 10000) in paragraph at lines 724--731

 []

[38]
Overfull \hbox (20.67334pt too wide) in paragraph at lines 737--740
\T2A/cmr/m/n/12 Пусть $\OML/cmm/m/it/12 J \OT1/cmr/m/n/12 = [][\OML/cmm/m/it/12
 J[]; [] ; J[]\OT1/cmr/m/n/12 ]$\T2A/cmr/m/n/12 , где $\OML/cmm/m/it/12 J[]$ \T
2A/cmr/m/n/12 --- жор-да-но-вы клет-ки. Сле-до-ва-тель-но, $\OML/cmm/m/it/12 e[
] \OT1/cmr/m/n/12 = [](\OML/cmm/m/it/12 e[]; [] ; e[]\OT1/cmr/m/n/12 )$\T2A/cmr
/m/n/12 . 
 []


Overfull \hbox (2.12254pt too wide) detected at line 758
\OML/cmm/m/it/12 J \OT1/cmr/m/n/12 = [] ;  \OML/cmm/m/it/12 J[] \OT1/cmr/m/n/12
 = [] ;  \OML/cmm/m/it/12 J[] \OT1/cmr/m/n/12 = [] \OML/cmm/m/it/12 :
 []

[39]
Underfull \hbox (badness 10000) in paragraph at lines 781--784

 []


Underfull \hbox (badness 10000) in paragraph at lines 784--786

 []

[40]
Underfull \hbox (badness 10000) in paragraph at lines 800--803

 []


Underfull \hbox (badness 10000) in paragraph at lines 800--803

 []

[41]
Underfull \hbox (badness 10000) in paragraph at lines 811--813

 []


Overfull \hbox (24.29881pt too wide) detected at line 822
\OMS/cmsy/m/n/12 9\OML/cmm/m/it/12 M \OT1/cmr/m/n/12 : [] \U/msa/m/n/12 6 \OML/
cmm/m/it/12 M \OMS/cmsy/m/n/12 ) [] \OT1/cmr/m/n/12 = [] \U/msa/m/n/12 6 [] \OM
S/cmsy/m/n/12 ^^A [] \U/msa/m/n/12 6 \OML/cmm/m/it/12 M \OMS/cmsy/m/n/12 ^^A []
 \OML/cmm/m/it/12 :
 []


Overfull \hbox (28.95998pt too wide) in paragraph at lines 826--826
[]\T2A/cmr/bx/n/17.28 Устойчивость ста-ци-о-нар-ных ли-ней-ных век-тор-ных урав
-
 []

[42]
Underfull \hbox (badness 10000) in paragraph at lines 827--828

 []


Underfull \hbox (badness 10000) in paragraph at lines 828--830

 []


Underfull \hbox (badness 10000) in paragraph at lines 830--833

 []


Underfull \hbox (badness 10000) in paragraph at lines 830--833

 []


Underfull \hbox (badness 10000) in paragraph at lines 830--833

 []


Underfull \hbox (badness 10000) in paragraph at lines 833--834

 []


Underfull \hbox (badness 10000) in paragraph at lines 838--840

 []

[43]
Underfull \hbox (badness 10000) in paragraph at lines 845--849

 []


Overfull \hbox (12.58308pt too wide) in paragraph at lines 862--863
\T2A/cmr/bx/n/12 Теорема \T2A/cmr/m/n/12 (Кри-те-рий асимп-то-ти-че-ской устой-
чи-во-сти)\T2A/cmr/bx/n/12 . \T2A/cmr/m/it/12 Неод-но-род-ное урав-не-ние $\OT1
/cmr/m/n/12 (3\OML/cmm/m/it/12 :\OT1/cmr/m/n/12 7\OML/cmm/m/it/12 :\OT1/cmr/m/n
/12 1)$ \T2A/cmr/m/it/12 асимп-
 []


Underfull \hbox (badness 10000) in paragraph at lines 864--868

 []

[44]
Underfull \hbox (badness 10000) in paragraph at lines 873--874

 []


Overfull \hbox (0.94879pt too wide) in paragraph at lines 873--874
\OMS/cmsy/m/n/12 ^^O$ \T2A/cmr/bx/it/12 Фа-зо-вым гра-фи-ком \T2A/cmr/m/it/12 р
е-ше-ния $\OML/cmm/m/it/12 X\OT1/cmr/m/n/12 (\OML/cmm/m/it/12 t\OT1/cmr/m/n/12 
)$ \T2A/cmr/m/it/12 на-зы-ва-ет-ся гра-фик па-ра-мет-ри-че-ски за-дан-ной функ-

 []


Underfull \hbox (badness 10000) in paragraph at lines 877--881

 []


Underfull \hbox (badness 10000) in paragraph at lines 877--881

 []


Underfull \hbox (badness 10000) in paragraph at lines 877--881

 []


Underfull \hbox (badness 10000) in paragraph at lines 901--908

 []


Underfull \hbox (badness 10000) in paragraph at lines 901--908

 []

<images/dicrit_in.png, id=533, 312.66812pt x 279.0425pt>
File: images/dicrit_in.png Graphic file (type png)
<use images/dicrit_in.png>
Package pdftex.def Info: images/dicrit_in.png  used on input line 908.
(pdftex.def)             Requested size: 156.33368pt x 139.5209pt.
[45]
<images/dicrit_out.png, id=540, 312.66812pt x 279.0425pt>
File: images/dicrit_out.png Graphic file (type png)
<use images/dicrit_out.png>
Package pdftex.def Info: images/dicrit_out.png  used on input line 910.
(pdftex.def)             Requested size: 156.33368pt x 139.5209pt.

Overfull \hbox (2.5485pt too wide) in paragraph at lines 912--919
\T2A/cmr/bx/n/12 II груп-па. \T2A/cmr/m/n/12 Пусть $\OML/cmm/m/it/12 A \OT1/cmr
/m/n/12 = []$\T2A/cmr/m/n/12 , при-чем $\OML/cmm/m/it/12 A \OMS/cmsy/m/n/12 6\O
T1/cmr/m/n/12 = \OML/cmm/m/it/12 aE$\T2A/cmr/m/n/12 . Рас-смот-рим мат-ри-цу $\
OML/cmm/m/it/12 B \OT1/cmr/m/n/12 = []$\T2A/cmr/m/n/12 ,
 []


Underfull \hbox (badness 10000) in paragraph at lines 925--931

 []


Underfull \hbox (badness 10000) in paragraph at lines 925--931

 []


Underfull \hbox (badness 10000) in paragraph at lines 925--931

 []

[46 <./images/dicrit_in.png> <./images/dicrit_out.png>]
Underfull \hbox (badness 10000) in paragraph at lines 942--944

 []

[47]
{\cyrillictext \CYRG \cyrl \cyra \cyrv \cyra } 4.

Overfull \hbox (4.84637pt too wide) in paragraph at lines 945--945
[]\T2A/cmr/bx/n/17.28 Дифференциальные урав-не-ния пер-во-го по-ряд-ка. Ос-
 []


Underfull \hbox (badness 10000) in paragraph at lines 946--947

 []


Underfull \hbox (badness 10000) in paragraph at lines 950--951

 []


Underfull \hbox (badness 10000) in paragraph at lines 954--955

 []


Underfull \hbox (badness 10000) in paragraph at lines 955--957

 []


Underfull \hbox (badness 10000) in paragraph at lines 960--961

 []

[48

]
Underfull \hbox (badness 10000) in paragraph at lines 969--970

 []


Underfull \hbox (badness 10000) in paragraph at lines 970--972

 []


Underfull \hbox (badness 10000) in paragraph at lines 976--979

 []


Underfull \hbox (badness 10000) in paragraph at lines 976--979

 []

[49]
Underfull \hbox (badness 10000) in paragraph at lines 994--996

 []

[50]
Underfull \hbox (badness 10000) in paragraph at lines 996--997

 []


Underfull \hbox (badness 10000) in paragraph at lines 999--1002

 []


Underfull \hbox (badness 10000) in paragraph at lines 1002--1003

 []

[51]
Underfull \hbox (badness 10000) in paragraph at lines 1011--1013

 []


Underfull \hbox (badness 10000) in paragraph at lines 1013--1014

 []


Underfull \hbox (badness 10000) in paragraph at lines 1014--1015

 []

[52]
Underfull \hbox (badness 10000) in paragraph at lines 1026--1027

 []


Underfull \hbox (badness 10000) in paragraph at lines 1028--1031

 []


Underfull \hbox (badness 10000) in paragraph at lines 1033--1036

 []


Underfull \hbox (badness 10000) in paragraph at lines 1033--1036

 []


Underfull \hbox (badness 10000) in paragraph at lines 1036--1039

 []

[53]
Underfull \hbox (badness 10000) in paragraph at lines 1062--1063

 []

[54]
Underfull \hbox (badness 10000) in paragraph at lines 1063--1064

 []


Underfull \hbox (badness 10000) in paragraph at lines 1076--1078

 []

[55] [56]
Underfull \hbox (badness 10000) in paragraph at lines 1126--1127

 []


Underfull \hbox (badness 10000) in paragraph at lines 1129--1131

 []

[57]
Underfull \hbox (badness 10000) in paragraph at lines 1137--1139

 []

[58]
Overfull \hbox (9.83777pt too wide) in paragraph at lines 1151--1154
\T2A/cmr/m/n/12 То есть ряд (4.6.2) по при-зна-ку Вей-ер-штрас-са схо-дит-ся ра
в-но-мер-но, зна-чит $\OMS/cmsy/m/n/12 9 [] \OML/cmm/m/it/12 y[]\OT1/cmr/m/n/12
 (\OML/cmm/m/it/12 x\OT1/cmr/m/n/12 )$\T2A/cmr/m/n/12 . 
 []


Underfull \hbox (badness 10000) in paragraph at lines 1151--1154

 []


Underfull \hbox (badness 10000) in paragraph at lines 1159--1161

 []


Underfull \hbox (badness 10000) in paragraph at lines 1159--1161

 []

[59]
Overfull \hbox (11.67912pt too wide) in paragraph at lines 1169--1170
\T2A/cmr/m/n/12 Но так как подын-те-граль-ная функ-ция $\U/eur/m/n/12 '\OT1/cmr
/m/n/12 (\OML/cmm/m/it/12 x\OT1/cmr/m/n/12 )$ \T2A/cmr/m/n/12 неот-ри-ца-тель-н
а и $\OML/cmm/m/it/12 x > x[]$\T2A/cmr/m/n/12 , то $\U/eur/m/n/12 '\OT1/cmr/m/n
/12 (\OML/cmm/m/it/12 x\OT1/cmr/m/n/12 ) \OMS/cmsy/m/n/12 ^^A  \OML/cmm/m/it/12
 e[] \U/msa/m/n/12 >  \OT1/cmr/m/n/12 0$\T2A/cmr/m/n/12 .
 []


Underfull \hbox (badness 10000) in paragraph at lines 1188--1198

 []


Underfull \hbox (badness 10000) in paragraph at lines 1188--1198

 []


Underfull \hbox (badness 10000) in paragraph at lines 1188--1198

 []


Underfull \hbox (badness 10000) in paragraph at lines 1188--1198

 []


Underfull \hbox (badness 10000) in paragraph at lines 1188--1198

 []


Underfull \hbox (badness 10000) in paragraph at lines 1188--1198

 []


Underfull \hbox (badness 10000) in paragraph at lines 1188--1198

 []

[60]
Underfull \hbox (badness 10000) in paragraph at lines 1198--1202

 []


Underfull \hbox (badness 10000) in paragraph at lines 1198--1202

 []


Underfull \hbox (badness 10000) in paragraph at lines 1198--1202

 []


Underfull \hbox (badness 10000) in paragraph at lines 1208--1211

 []

[61]
Underfull \hbox (badness 10000) in paragraph at lines 1226--1228

 []


Underfull \hbox (badness 10000) in paragraph at lines 1237--1243

 []


Underfull \hbox (badness 10000) in paragraph at lines 1237--1243

 []


Underfull \hbox (badness 10000) in paragraph at lines 1237--1243

 []

[62]
Underfull \hbox (badness 10000) in paragraph at lines 1256--1259

 []


Underfull \hbox (badness 10000) in paragraph at lines 1265--1267

 []

[63]
Underfull \hbox (badness 10000) in paragraph at lines 1283--1284

 []


Underfull \hbox (badness 10000) in paragraph at lines 1285--1287

 []


Underfull \hbox (badness 10000) in paragraph at lines 1303--1304

 []

[64]
Underfull \hbox (badness 10000) in paragraph at lines 1307--1308

 []


Underfull \hbox (badness 10000) in paragraph at lines 1333--1334

 []

[65]
Underfull \hbox (badness 10000) in paragraph at lines 1354--1356

 []

[66] [67]
Underfull \hbox (badness 10000) in paragraph at lines 1410--1414

 []


Underfull \hbox (badness 10000) in paragraph at lines 1416--1417

 []

[68]
Underfull \hbox (badness 10000) in paragraph at lines 1421--1422

 []


Underfull \hbox (badness 10000) in paragraph at lines 1426--1426

 []


Underfull \hbox (badness 10000) in paragraph at lines 1436--1437

 []


Underfull \hbox (badness 10000) in paragraph at lines 1437--1438

 []

[69]
Underfull \hbox (badness 10000) in paragraph at lines 1445--1446

 []

[70] [71]
{\cyrillictext \CYRG \cyrl \cyra \cyrv \cyra } 5.
[72

]
Underfull \hbox (badness 10000) in paragraph at lines 1474--1476

 []


Underfull \hbox (badness 10000) in paragraph at lines 1487--1488

 []


Overfull \hbox (3.48753pt too wide) in paragraph at lines 1487--1488
\T2A/cmr/m/n/12 Покажем, что они ли-ней-но неза-ви-си-мые. Пред-по-ло-жим про-т
ив-ное: пусть су-ще-ству-ет нетри-
 []

[73]
Underfull \hbox (badness 10000) in paragraph at lines 1489--1492

 []


Underfull \hbox (badness 10000) in paragraph at lines 1494--1497

 []

[74]
Underfull \hbox (badness 10000) in paragraph at lines 1511--1513

 []

[75]
Overfull \hbox (10.67879pt too wide) detected at line 1519
\OML/cmm/m/it/12 D[]x \OT1/cmr/m/n/12 = \OML/cmm/m/it/12 D[]x \OMS/cmsy/m/n/12 
^^A [] ^^A [] \OT1/cmr/m/n/12 + \OML/cmm/m/it/12 D[]x \OMS/cmsy/m/n/12 ^^A [] \
OT1/cmr/m/n/12 = [](\OML/cmm/m/it/12 D[]x \OMS/cmsy/m/n/12 ^^@ \OML/cmm/m/it/12
 D[]x\OT1/cmr/m/n/12 ) \OMS/cmsy/m/n/12 ) \OT1/cmr/m/n/12 (\OML/cmm/m/it/12 t \
OMS/cmsy/m/n/12 ^^@ \U/eur/m/n/12 \OT1/cmr/m/n/12 )[]\OML/cmm/m/it/12 D[]x \OT
1/cmr/m/n/12 = (\OML/cmm/m/it/12 D[]x \OMS/cmsy/m/n/12 ^^@ \OML/cmm/m/it/12 D[]
x\OT1/cmr/m/n/12 )\OML/cmm/m/it/12 ;
 []


Underfull \hbox (badness 10000) in paragraph at lines 1528--1530

 []

[76]
Overfull \hbox (10.26416pt too wide) in paragraph at lines 1533--1533
[]\T2A/cmr/bx/n/17.28 Интегрирование ли-ней-ных урав-не-ний с по-мо-щью сте-
 []


Underfull \hbox (badness 10000) in paragraph at lines 1534--1536

 []


Underfull \hbox (badness 10000) in paragraph at lines 1536--1537

 []


Underfull \hbox (badness 10000) in paragraph at lines 1537--1540

 []


Underfull \hbox (badness 10000) in paragraph at lines 1537--1540

 []

[77]
Underfull \hbox (badness 10000) in paragraph at lines 1562--1565

 []

[78]
Underfull \hbox (badness 10000) in paragraph at lines 1567--1571

 []


Underfull \hbox (badness 10000) in paragraph at lines 1567--1571

 []


Underfull \hbox (badness 10000) in paragraph at lines 1567--1571

 []

[79]
Underfull \hbox (badness 10000) in paragraph at lines 1586--1590

 []


Underfull \hbox (badness 10000) in paragraph at lines 1604--1605

 []


Underfull \hbox (badness 10000) in paragraph at lines 1605--1608

 []


Underfull \hbox (badness 10000) in paragraph at lines 1612--1614

 []

[80]
Underfull \hbox (badness 10000) in paragraph at lines 1615--1618

 []


Overfull \hbox (4.56651pt too wide) in paragraph at lines 1615--1618
\OMS/cmsy/m/n/12 ^^O$ \T2A/cmr/m/it/12 Ли-ней-ное од-но-род-ное урав-не-ние вто
-ро-го по-ряд-ка на-зы-ва-ет-ся \T2A/cmr/bx/it/12 ка-но-ни-че-ским\T2A/cmr/m/it
/12 , ес-ли $\OML/cmm/m/it/12 p\OT1/cmr/m/n/12 (\OML/cmm/m/it/12 t\OT1/cmr/m/n/
12 ) \OMS/cmsy/m/n/12 ^^Q
 []

[81]
Underfull \hbox (badness 10000) in paragraph at lines 1638--1641

 []


Underfull \hbox (badness 10000) in paragraph at lines 1638--1641

 []

[82]
Underfull \hbox (badness 10000) in paragraph at lines 1658--1665

 []


Underfull \hbox (badness 10000) in paragraph at lines 1658--1665

 []


Underfull \hbox (badness 10000) in paragraph at lines 1658--1665

 []


Underfull \hbox (badness 10000) in paragraph at lines 1658--1665

 []

[83]
{\cyrillictext \CYRG \cyrl \cyra \cyrv \cyra } 6.

Overfull \hbox (12.17725pt too wide) in paragraph at lines 1666--1666
[]\T2A/cmr/bx/n/17.28 Нелинейные си-сте-мы. Пер-вые ин-те-гра-лы си-стем диф-
 []


Underfull \hbox (badness 10000) in paragraph at lines 1677--1679

 []


Underfull \hbox (badness 10000) in paragraph at lines 1677--1679

 []


Underfull \hbox (badness 10000) in paragraph at lines 1677--1679

 []

[84

]
Underfull \hbox (badness 10000) in paragraph at lines 1689--1691

 []


Underfull \hbox (badness 10000) in paragraph at lines 1696--1698

 []


Underfull \hbox (badness 10000) in paragraph at lines 1698--1700

 []

[85]
Underfull \hbox (badness 10000) in paragraph at lines 1731--1735

 []

[86]
Underfull \hbox (badness 10000) in paragraph at lines 1745--1746

 []


Underfull \hbox (badness 10000) in paragraph at lines 1753--1754

 []

[87]
Underfull \hbox (badness 10000) in paragraph at lines 1754--1756

 []


Underfull \hbox (badness 10000) in paragraph at lines 1761--1762

 []


Underfull \hbox (badness 10000) in paragraph at lines 1762--1764

 []


Underfull \hbox (badness 10000) in paragraph at lines 1771--1774

 []


Underfull \hbox (badness 10000) in paragraph at lines 1771--1774

 []


Underfull \hbox (badness 10000) in paragraph at lines 1771--1774

 []

[88]
Underfull \hbox (badness 10000) in paragraph at lines 1774--1775

 []


Underfull \hbox (badness 10000) in paragraph at lines 1784--1786

 []


Underfull \hbox (badness 10000) in paragraph at lines 1784--1786

 []


Underfull \hbox (badness 10000) in paragraph at lines 1786--1789

 []


Underfull \hbox (badness 10000) in paragraph at lines 1786--1789

 []

[89]
Underfull \hbox (badness 10000) in paragraph at lines 1789--1792

 []


Underfull \hbox (badness 10000) in paragraph at lines 1800--1802

 []


Underfull \hbox (badness 10000) in paragraph at lines 1804--1809

 []

[90]
Underfull \hbox (badness 10000) in paragraph at lines 1809--1811

 []


Underfull \hbox (badness 10000) in paragraph at lines 1809--1811

 []

[91]
Underfull \hbox (badness 10000) in paragraph at lines 1840--1843

 []


Underfull \hbox (badness 10000) in paragraph at lines 1843--1845

 []


Underfull \hbox (badness 10000) in paragraph at lines 1846--1851

 []


Underfull \hbox (badness 10000) in paragraph at lines 1846--1851

 []


Underfull \hbox (badness 10000) in paragraph at lines 1846--1851

 []


Underfull \hbox (badness 10000) in paragraph at lines 1846--1851

 []


Underfull \hbox (badness 10000) in paragraph at lines 1846--1851

 []

[92]
Overfull \hbox (31.03287pt too wide) detected at line 1865
 []$[] \OT1/cmr/m/n/12 = \U/eur/m/n/12 '[]\OML/cmm/m/it/12 v[][]\OT1/cmr/m/n/12
 ^^H[](\OML/cmm/m/it/12 x[]; [] ; x[]; u\OT1/cmr/m/n/12 )\OML/cmm/m/it/12 ; [] 
; \OT1/cmr/m/n/12 ^^H[](\OML/cmm/m/it/12 x[]; [] ; x[]; u\OT1/cmr/m/n/12 )[]\OM
L/cmm/m/it/12 ; [] ; v[][]\OT1/cmr/m/n/12 ^^H[](\OML/cmm/m/it/12 x[]; [] ; x[];
 u\OT1/cmr/m/n/12 )\OML/cmm/m/it/12 ; [] ; \OT1/cmr/m/n/12 ^^H[](\OML/cmm/m/it/
12 x[]; [] ; x[]; u\OT1/cmr/m/n/12 )[][]\OML/cmm/m/it/12 :  $ 
 []

[93]
Underfull \hbox (badness 10000) in paragraph at lines 1881--1882

 []


Underfull \hbox (badness 10000) in paragraph at lines 1883--1887

 []


Underfull \hbox (badness 10000) in paragraph at lines 1883--1887

 []


Underfull \hbox (badness 10000) in paragraph at lines 1883--1887

 []


Underfull \hbox (badness 10000) in paragraph at lines 1883--1887

 []


Underfull \hbox (badness 10000) in paragraph at lines 1890--1892

 []


Underfull \hbox (badness 10000) in paragraph at lines 1892--1894

 []

[94]
Underfull \hbox (badness 10000) in paragraph at lines 1898--1900

 []


Underfull \hbox (badness 10000) in paragraph at lines 1904--1905

 []


Underfull \hbox (badness 10000) in paragraph at lines 1907--1910

 []

[95]
Underfull \hbox (badness 10000) in paragraph at lines 1916--1921

 []


Underfull \hbox (badness 10000) in paragraph at lines 1916--1921

 []

[96] (./DU.aux)

LaTeX Font Warning: Some font shapes were not available, defaults substituted.

Package rerunfilecheck Info: File `DU.out' has not changed.
(rerunfilecheck)             Checksum: D0D4269F26E1084F9FB4DE0C3B25DD21;22262.
 ) 
Here is how much of TeX's memory you used:
 12970 strings out of 478276
 197314 string characters out of 5850489
 512104 words of memory out of 5000000
 30695 multiletter control sequences out of 15000+600000
 493383 words of font info for 86 fonts, out of 8000000 for 9000
 1141 hyphenation exceptions out of 8191
 60i,21n,63p,1444b,522s stack positions out of 5000i,500n,10000p,200000b,80000s
{c:/texlive/2021/texmf-dist/fonts/enc/dvips/cm-super/cm-super-ts1.enc}{c:/tex
live/2021/texmf-dist/fonts/enc/dvips/cm-super/cm-super-t2a.enc}<c:/texlive/2021
/texmf-dist/fonts/type1/public/amsfonts/cm/cmex10.pfb><c:/texlive/2021/texmf-di
st/fonts/type1/public/amsfonts/cmextra/cmex8.pfb><c:/texlive/2021/texmf-dist/fo
nts/type1/public/amsfonts/cm/cmmi12.pfb><c:/texlive/2021/texmf-dist/fonts/type1
/public/amsfonts/cm/cmmi6.pfb><c:/texlive/2021/texmf-dist/fonts/type1/public/am
sfonts/cm/cmmi8.pfb><c:/texlive/2021/texmf-dist/fonts/type1/public/amsfonts/cm/
cmr12.pfb><c:/texlive/2021/texmf-dist/fonts/type1/public/amsfonts/cm/cmr6.pfb><
c:/texlive/2021/texmf-dist/fonts/type1/public/amsfonts/cm/cmr8.pfb><c:/texlive/
2021/texmf-dist/fonts/type1/public/amsfonts/cm/cmsy10.pfb><c:/texlive/2021/texm
f-dist/fonts/type1/public/amsfonts/cm/cmsy6.pfb><c:/texlive/2021/texmf-dist/fon
ts/type1/public/amsfonts/cm/cmsy8.pfb><c:/texlive/2021/texmf-dist/fonts/type1/p
ublic/amsfonts/euler/eurm10.pfb><c:/texlive/2021/texmf-dist/fonts/type1/public/
amsfonts/euler/eurm7.pfb><c:/texlive/2021/texmf-dist/fonts/type1/public/amsfont
s/symbols/msam10.pfb><c:/texlive/2021/texmf-dist/fonts/type1/public/amsfonts/sy
mbols/msbm10.pfb><c:/texlive/2021/texmf-dist/fonts/type1/public/cm-super/sfbi12
00.pfb><c:/texlive/2021/texmf-dist/fonts/type1/public/cm-super/sfbx1200.pfb><c:
/texlive/2021/texmf-dist/fonts/type1/public/cm-super/sfbx1440.pfb><c:/texlive/2
021/texmf-dist/fonts/type1/public/cm-super/sfbx1728.pfb><c:/texlive/2021/texmf-
dist/fonts/type1/public/cm-super/sfbx2488.pfb><c:/texlive/2021/texmf-dist/fonts
/type1/public/cm-super/sfrm0800.pfb><c:/texlive/2021/texmf-dist/fonts/type1/pub
lic/cm-super/sfrm1200.pfb><c:/texlive/2021/texmf-dist/fonts/type1/public/cm-sup
er/sfrm2074.pfb><c:/texlive/2021/texmf-dist/fonts/type1/public/cm-super/sfti120
0.pfb>
Output written on DU.pdf (97 pages, 1239080 bytes).
PDF statistics:
 935 PDF objects out of 1000 (max. 8388607)
 765 compressed objects within 8 object streams
 224 named destinations out of 1000 (max. 500000)
 459 words of extra memory for PDF output out of 10000 (max. 10000000)

